[11-Aug-2025 06:07:41 UTC] PHP Deprecated:  strpos(): Passing null to parameter #1 ($haystack) of type string is deprecated in C:\Users\Fajar Hidayatuloh\Herd\ntbksense\wp-includes\functions.php on line 7360
[11-Aug-2025 06:07:41 UTC] PHP Deprecated:  str_replace(): Passing null to parameter #3 ($subject) of type array|string is deprecated in C:\Users\Fajar Hidayatuloh\Herd\ntbksense\wp-includes\functions.php on line 2195
[11-Aug-2025 06:07:41 UTC] PHP Deprecated:  strpos(): Passing null to parameter #1 ($haystack) of type string is deprecated in C:\Users\Fajar Hidayatuloh\Herd\ntbksense\wp-includes\functions.php on line 7360
[11-Aug-2025 06:07:41 UTC] PHP Deprecated:  str_replace(): Passing null to parameter #3 ($subject) of type array|string is deprecated in C:\Users\Fajar Hidayatuloh\Herd\ntbksense\wp-includes\functions.php on line 2195
[11-Aug-2025 06:07:41 UTC] PHP Deprecated:  strip_tags(): Passing null to parameter #1 ($string) of type string is deprecated in C:\Users\Fajar Hidayatuloh\Herd\ntbksense\wp-admin\admin-header.php on line 41
[11-Aug-2025 06:41:51 UTC] PHP Deprecated:  strpos(): Passing null to parameter #1 ($haystack) of type string is deprecated in C:\Users\Fajar Hidayatuloh\Herd\ntbksense\wp-includes\functions.php on line 7360
[11-Aug-2025 06:41:51 UTC] PHP Deprecated:  str_replace(): Passing null to parameter #3 ($subject) of type array|string is deprecated in C:\Users\Fajar Hidayatuloh\Herd\ntbksense\wp-includes\functions.php on line 2195
[11-Aug-2025 06:41:51 UTC] PHP Deprecated:  strpos(): Passing null to parameter #1 ($haystack) of type string is deprecated in C:\Users\Fajar Hidayatuloh\Herd\ntbksense\wp-includes\functions.php on line 7360
[11-Aug-2025 06:41:51 UTC] PHP Deprecated:  str_replace(): Passing null to parameter #3 ($subject) of type array|string is deprecated in C:\Users\Fajar Hidayatuloh\Herd\ntbksense\wp-includes\functions.php on line 2195
[11-Aug-2025 06:41:51 UTC] PHP Deprecated:  strip_tags(): Passing null to parameter #1 ($string) of type string is deprecated in C:\Users\Fajar Hidayatuloh\Herd\ntbksense\wp-admin\admin-header.php on line 41
[11-Aug-2025 06:42:42 UTC] PHP Deprecated:  strpos(): Passing null to parameter #1 ($haystack) of type string is deprecated in C:\Users\Fajar Hidayatuloh\Herd\ntbksense\wp-includes\functions.php on line 7360
[11-Aug-2025 06:42:42 UTC] PHP Deprecated:  str_replace(): Passing null to parameter #3 ($subject) of type array|string is deprecated in C:\Users\Fajar Hidayatuloh\Herd\ntbksense\wp-includes\functions.php on line 2195
[11-Aug-2025 06:42:42 UTC] PHP Deprecated:  strpos(): Passing null to parameter #1 ($haystack) of type string is deprecated in C:\Users\Fajar Hidayatuloh\Herd\ntbksense\wp-includes\functions.php on line 7360
[11-Aug-2025 06:42:42 UTC] PHP Deprecated:  str_replace(): Passing null to parameter #3 ($subject) of type array|string is deprecated in C:\Users\Fajar Hidayatuloh\Herd\ntbksense\wp-includes\functions.php on line 2195
[11-Aug-2025 06:47:57 UTC] PHP Deprecated:  strpos(): Passing null to parameter #1 ($haystack) of type string is deprecated in C:\Users\Fajar Hidayatuloh\Herd\ntbksense\wp-includes\functions.php on line 7360
[11-Aug-2025 06:47:57 UTC] PHP Deprecated:  str_replace(): Passing null to parameter #3 ($subject) of type array|string is deprecated in C:\Users\Fajar Hidayatuloh\Herd\ntbksense\wp-includes\functions.php on line 2195
[11-Aug-2025 06:47:57 UTC] PHP Deprecated:  strpos(): Passing null to parameter #1 ($haystack) of type string is deprecated in C:\Users\Fajar Hidayatuloh\Herd\ntbksense\wp-includes\functions.php on line 7360
[11-Aug-2025 06:47:57 UTC] PHP Deprecated:  str_replace(): Passing null to parameter #3 ($subject) of type array|string is deprecated in C:\Users\Fajar Hidayatuloh\Herd\ntbksense\wp-includes\functions.php on line 2195
[11-Aug-2025 06:55:23 UTC] PHP Deprecated:  strpos(): Passing null to parameter #1 ($haystack) of type string is deprecated in C:\Users\Fajar Hidayatuloh\Herd\ntbksense\wp-includes\functions.php on line 7360
[11-Aug-2025 06:55:23 UTC] PHP Deprecated:  str_replace(): Passing null to parameter #3 ($subject) of type array|string is deprecated in C:\Users\Fajar Hidayatuloh\Herd\ntbksense\wp-includes\functions.php on line 2195
[11-Aug-2025 06:55:23 UTC] PHP Deprecated:  strpos(): Passing null to parameter #1 ($haystack) of type string is deprecated in C:\Users\Fajar Hidayatuloh\Herd\ntbksense\wp-includes\functions.php on line 7360
[11-Aug-2025 06:55:23 UTC] PHP Deprecated:  str_replace(): Passing null to parameter #3 ($subject) of type array|string is deprecated in C:\Users\Fajar Hidayatuloh\Herd\ntbksense\wp-includes\functions.php on line 2195
[11-Aug-2025 07:50:19 UTC] PHP Deprecated:  strpos(): Passing null to parameter #1 ($haystack) of type string is deprecated in C:\Users\Fajar Hidayatuloh\Herd\ntbksense\wp-includes\functions.php on line 7360
[11-Aug-2025 07:50:19 UTC] PHP Deprecated:  str_replace(): Passing null to parameter #3 ($subject) of type array|string is deprecated in C:\Users\Fajar Hidayatuloh\Herd\ntbksense\wp-includes\functions.php on line 2195
[11-Aug-2025 07:50:19 UTC] PHP Deprecated:  strpos(): Passing null to parameter #1 ($haystack) of type string is deprecated in C:\Users\Fajar Hidayatuloh\Herd\ntbksense\wp-includes\functions.php on line 7360
[11-Aug-2025 07:50:19 UTC] PHP Deprecated:  str_replace(): Passing null to parameter #3 ($subject) of type array|string is deprecated in C:\Users\Fajar Hidayatuloh\Herd\ntbksense\wp-includes\functions.php on line 2195
[11-Aug-2025 07:53:51 UTC] PHP Deprecated:  strpos(): Passing null to parameter #1 ($haystack) of type string is deprecated in C:\Users\Fajar Hidayatuloh\Herd\ntbksense\wp-includes\functions.php on line 7360
[11-Aug-2025 07:53:51 UTC] PHP Deprecated:  str_replace(): Passing null to parameter #3 ($subject) of type array|string is deprecated in C:\Users\Fajar Hidayatuloh\Herd\ntbksense\wp-includes\functions.php on line 2195
[11-Aug-2025 07:53:51 UTC] PHP Deprecated:  strpos(): Passing null to parameter #1 ($haystack) of type string is deprecated in C:\Users\Fajar Hidayatuloh\Herd\ntbksense\wp-includes\functions.php on line 7360
[11-Aug-2025 07:53:51 UTC] PHP Deprecated:  str_replace(): Passing null to parameter #3 ($subject) of type array|string is deprecated in C:\Users\Fajar Hidayatuloh\Herd\ntbksense\wp-includes\functions.php on line 2195
[11-Aug-2025 07:59:16 UTC] PHP Deprecated:  strpos(): Passing null to parameter #1 ($haystack) of type string is deprecated in C:\Users\Fajar Hidayatuloh\Herd\ntbksense\wp-includes\functions.php on line 7360
[11-Aug-2025 07:59:16 UTC] PHP Deprecated:  str_replace(): Passing null to parameter #3 ($subject) of type array|string is deprecated in C:\Users\Fajar Hidayatuloh\Herd\ntbksense\wp-includes\functions.php on line 2195
[11-Aug-2025 07:59:16 UTC] PHP Deprecated:  strpos(): Passing null to parameter #1 ($haystack) of type string is deprecated in C:\Users\Fajar Hidayatuloh\Herd\ntbksense\wp-includes\functions.php on line 7360
[11-Aug-2025 07:59:16 UTC] PHP Deprecated:  str_replace(): Passing null to parameter #3 ($subject) of type array|string is deprecated in C:\Users\Fajar Hidayatuloh\Herd\ntbksense\wp-includes\functions.php on line 2195
[11-Aug-2025 08:01:56 UTC] PHP Deprecated:  strpos(): Passing null to parameter #1 ($haystack) of type string is deprecated in C:\Users\Fajar Hidayatuloh\Herd\ntbksense\wp-includes\functions.php on line 7360
[11-Aug-2025 08:01:56 UTC] PHP Deprecated:  str_replace(): Passing null to parameter #3 ($subject) of type array|string is deprecated in C:\Users\Fajar Hidayatuloh\Herd\ntbksense\wp-includes\functions.php on line 2195
[11-Aug-2025 08:01:56 UTC] PHP Deprecated:  strpos(): Passing null to parameter #1 ($haystack) of type string is deprecated in C:\Users\Fajar Hidayatuloh\Herd\ntbksense\wp-includes\functions.php on line 7360
[11-Aug-2025 08:01:56 UTC] PHP Deprecated:  str_replace(): Passing null to parameter #3 ($subject) of type array|string is deprecated in C:\Users\Fajar Hidayatuloh\Herd\ntbksense\wp-includes\functions.php on line 2195
[11-Aug-2025 08:02:00 UTC] PHP Warning:  Undefined variable $connection in C:\Users\Fajar Hidayatuloh\Herd\ntbksense\wp-content\plugins\ntbksense\api\landing_page\statusu.landing.php on line 26
[11-Aug-2025 08:02:00 UTC] PHP Fatal error:  Uncaught TypeError: mysqli_query(): Argument #1 ($mysql) must be of type mysqli, null given in C:\Users\Fajar Hidayatuloh\Herd\ntbksense\wp-content\plugins\ntbksense\api\landing_page\statusu.landing.php:26
Stack trace:
#0 C:\Users\Fajar Hidayatuloh\Herd\ntbksense\wp-content\plugins\ntbksense\api\landing_page\statusu.landing.php(26): mysqli_query(NULL, 'SELECT status F...')
#1 C:\Program Files\Herd\resources\app.asar.unpacked\resources\valet\server.php(139): require('C:\\Users\\Fajar ...')
#2 {main}
  thrown in C:\Users\Fajar Hidayatuloh\Herd\ntbksense\wp-content\plugins\ntbksense\api\landing_page\statusu.landing.php on line 26
[11-Aug-2025 08:04:46 UTC] PHP Deprecated:  strpos(): Passing null to parameter #1 ($haystack) of type string is deprecated in C:\Users\Fajar Hidayatuloh\Herd\ntbksense\wp-includes\functions.php on line 7360
[11-Aug-2025 08:04:46 UTC] PHP Deprecated:  str_replace(): Passing null to parameter #3 ($subject) of type array|string is deprecated in C:\Users\Fajar Hidayatuloh\Herd\ntbksense\wp-includes\functions.php on line 2195
[11-Aug-2025 08:04:46 UTC] PHP Deprecated:  strpos(): Passing null to parameter #1 ($haystack) of type string is deprecated in C:\Users\Fajar Hidayatuloh\Herd\ntbksense\wp-includes\functions.php on line 7360
[11-Aug-2025 08:04:46 UTC] PHP Deprecated:  str_replace(): Passing null to parameter #3 ($subject) of type array|string is deprecated in C:\Users\Fajar Hidayatuloh\Herd\ntbksense\wp-includes\functions.php on line 2195
[11-Aug-2025 08:04:58 UTC] PHP Deprecated:  strpos(): Passing null to parameter #1 ($haystack) of type string is deprecated in C:\Users\Fajar Hidayatuloh\Herd\ntbksense\wp-includes\functions.php on line 7360
[11-Aug-2025 08:04:58 UTC] PHP Deprecated:  str_replace(): Passing null to parameter #3 ($subject) of type array|string is deprecated in C:\Users\Fajar Hidayatuloh\Herd\ntbksense\wp-includes\functions.php on line 2195
[11-Aug-2025 08:04:58 UTC] PHP Deprecated:  strpos(): Passing null to parameter #1 ($haystack) of type string is deprecated in C:\Users\Fajar Hidayatuloh\Herd\ntbksense\wp-includes\functions.php on line 7360
[11-Aug-2025 08:04:58 UTC] PHP Deprecated:  str_replace(): Passing null to parameter #3 ($subject) of type array|string is deprecated in C:\Users\Fajar Hidayatuloh\Herd\ntbksense\wp-includes\functions.php on line 2195
[11-Aug-2025 08:05:00 UTC] PHP Warning:  Undefined variable $connection in C:\Users\Fajar Hidayatuloh\Herd\ntbksense\wp-content\plugins\ntbksense\api\landing_page\statusu.landing.php on line 26
[11-Aug-2025 08:05:00 UTC] PHP Fatal error:  Uncaught TypeError: mysqli_query(): Argument #1 ($mysql) must be of type mysqli, null given in C:\Users\Fajar Hidayatuloh\Herd\ntbksense\wp-content\plugins\ntbksense\api\landing_page\statusu.landing.php:26
Stack trace:
#0 C:\Users\Fajar Hidayatuloh\Herd\ntbksense\wp-content\plugins\ntbksense\api\landing_page\statusu.landing.php(26): mysqli_query(NULL, 'SELECT status F...')
#1 C:\Program Files\Herd\resources\app.asar.unpacked\resources\valet\server.php(139): require('C:\\Users\\Fajar ...')
#2 {main}
  thrown in C:\Users\Fajar Hidayatuloh\Herd\ntbksense\wp-content\plugins\ntbksense\api\landing_page\statusu.landing.php on line 26
[11-Aug-2025 08:06:55 UTC] PHP Deprecated:  strpos(): Passing null to parameter #1 ($haystack) of type string is deprecated in C:\Users\Fajar Hidayatuloh\Herd\ntbksense\wp-includes\functions.php on line 7360
[11-Aug-2025 08:06:55 UTC] PHP Deprecated:  str_replace(): Passing null to parameter #3 ($subject) of type array|string is deprecated in C:\Users\Fajar Hidayatuloh\Herd\ntbksense\wp-includes\functions.php on line 2195
[11-Aug-2025 08:06:55 UTC] PHP Deprecated:  strpos(): Passing null to parameter #1 ($haystack) of type string is deprecated in C:\Users\Fajar Hidayatuloh\Herd\ntbksense\wp-includes\functions.php on line 7360
[11-Aug-2025 08:06:55 UTC] PHP Deprecated:  str_replace(): Passing null to parameter #3 ($subject) of type array|string is deprecated in C:\Users\Fajar Hidayatuloh\Herd\ntbksense\wp-includes\functions.php on line 2195
[11-Aug-2025 08:06:58 UTC] PHP Warning:  Undefined variable $config_path in C:\Users\Fajar Hidayatuloh\Herd\ntbksense\wp-content\plugins\ntbksense\api\landing_page\statusu.landing.php on line 14
[11-Aug-2025 08:06:58 UTC] PHP Deprecated:  file_exists(): Passing null to parameter #1 ($filename) of type string is deprecated in C:\Users\Fajar Hidayatuloh\Herd\ntbksense\wp-content\plugins\ntbksense\api\landing_page\statusu.landing.php on line 14
[11-Aug-2025 08:06:58 UTC] PHP Warning:  Undefined variable $config_path in C:\Users\Fajar Hidayatuloh\Herd\ntbksense\wp-content\plugins\ntbksense\api\landing_page\statusu.landing.php on line 18
[11-Aug-2025 08:09:48 UTC] PHP Deprecated:  strpos(): Passing null to parameter #1 ($haystack) of type string is deprecated in C:\Users\Fajar Hidayatuloh\Herd\ntbksense\wp-includes\functions.php on line 7360
[11-Aug-2025 08:09:48 UTC] PHP Deprecated:  str_replace(): Passing null to parameter #3 ($subject) of type array|string is deprecated in C:\Users\Fajar Hidayatuloh\Herd\ntbksense\wp-includes\functions.php on line 2195
[11-Aug-2025 08:09:48 UTC] PHP Deprecated:  strpos(): Passing null to parameter #1 ($haystack) of type string is deprecated in C:\Users\Fajar Hidayatuloh\Herd\ntbksense\wp-includes\functions.php on line 7360
[11-Aug-2025 08:09:48 UTC] PHP Deprecated:  str_replace(): Passing null to parameter #3 ($subject) of type array|string is deprecated in C:\Users\Fajar Hidayatuloh\Herd\ntbksense\wp-includes\functions.php on line 2195
